\BOOKMARK [1][-]{section.1}{\376\377\000W\000h\000a\000t}{}% 1
\BOOKMARK [1][-]{section.2}{\376\377\000o\000n\000e\000\040\000s\000a\000m\000p\000l\000e\000\040\000h\000a\000s\000\040\000o\000n\000e\000\040\000p\000r\000o\000p\000e\000r\000t\000y}{}% 2
\BOOKMARK [2][-]{subsection.2.1}{\376\377\000b\000a\000c\000k\000g\000r\000o\000u\000n\000d}{section.2}% 3
\BOOKMARK [2][-]{subsection.2.2}{\376\377\000a\000n\000a\000l\000y\000s\000i\000s}{section.2}% 4
\BOOKMARK [2][-]{subsection.2.3}{\376\377\000p\000r\000o\000c\000e\000s\000s\000i\000n\000g}{section.2}% 5
\BOOKMARK [1][-]{section.3}{\376\377\000o\000n\000e\000\040\000s\000a\000m\000p\000l\000e\000\040\000h\000a\000s\000\040\000m\000u\000l\000t\000i\000p\000l\000y\000\040\000p\000r\000o\000p\000e\000r\000t\000y}{}% 6
\BOOKMARK [2][-]{subsection.3.1}{\376\377\000a\000n\000a\000l\000y\000s\000i\000s}{section.3}% 7
\BOOKMARK [2][-]{subsection.3.2}{\376\377\000p\000r\000o\000c\000e\000s\000s\000i\000n\000g}{section.3}% 8
\BOOKMARK [2][-]{subsection.3.3}{\376\377\000d\000e\000e\000p\000\040\000a\000n\000a\000l\000y\000s\000i\000s}{section.3}% 9
\BOOKMARK [2][-]{subsection.3.4}{\376\377\000p\000e\000n\000a\000l\000t\000y\000\040\000f\000a\000c\000t\000o\000r}{section.3}% 10
\BOOKMARK [2][-]{subsection.3.5}{\376\377\000|\000w\000|\000a\000n\000d\000\040\000|\000w\000|\0002}{section.3}% 11
\BOOKMARK [1][-]{section.4}{\376\377\000m\000a\000c\000h\000i\000n\000e\000\040\000l\000e\000a\000r\000n\000i\000n\000g\000\040\000a\000n\000d\000\040\000d\000a\000t\000a\000\040\000a\000n\000a\000l\000y\000s\000i\000s}{}% 12
\BOOKMARK [1][-]{section.5}{\376\377\000\040\000c\000o\000n\000c\000l\000u\000s\000i\000o\000n}{}% 13
\BOOKMARK [2][-]{subsection.5.1}{\376\377\000p\000r\000o\000b\000a\000b\000i\000l\000i\000t\000y\000\040\000a\000n\000d\000\040\000s\000t\000a\000t\000i\000s\000t\000i\000c\000s}{section.5}% 14
\BOOKMARK [2][-]{subsection.5.2}{\376\377\000t\000h\000e\000o\000r\000y\000\040\000o\000f\000\040\000M\000L\000E}{section.5}% 15
\BOOKMARK [2][-]{subsection.5.3}{\376\377\000l\000i\000k\000e\000l\000i\000h\000o\000o\000d\000\040\000a\000n\000d\000\040\000p\000r\000o\000b\000a\000b\000i\000l\000i\000t\000y}{section.5}% 16
\BOOKMARK [2][-]{subsection.5.4}{\376\377\000r\000e\000p\000r\000e\000s\000e\000n\000t\000a\000t\000i\000o\000n}{section.5}% 17
\BOOKMARK [1][-]{section.6}{\376\377\000l\000e\000a\000s\000t\000\040\000s\000q\000u\000a\000r\000e\000\040\000m\000e\000t\000h\000o\000d\000\040\000v\000s\000\040\000m\000a\000x\000i\000m\000u\000m\000\040\000l\000i\000k\000e\000l\000i\000h\000o\000o\000d\000\040\000e\000s\000t\000i\000m\000a\000t\000e}{}% 18
\BOOKMARK [2][-]{subsection.6.1}{\376\377\000d\000i\000f\000f\000e\000r\000e\000n\000c\000e}{section.6}% 19
\BOOKMARK [2][-]{subsection.6.2}{\376\377\000t\000h\000e\000\040\000s\000i\000m\000i\000l\000a\000r\000i\000t\000y}{section.6}% 20
\BOOKMARK [1][-]{section.7}{\376\377\000M\000A\000P}{}% 21
\BOOKMARK [2][-]{subsection.7.1}{\376\377\000c\000o\000n\000c\000e\000p\000t}{section.7}% 22
\BOOKMARK [2][-]{subsection.7.2}{\376\377\000t\000h\000e\000o\000r\000y}{section.7}% 23
\BOOKMARK [2][-]{subsection.7.3}{\376\377\000P\000\050\000\051\000\040\000v\000a\000l\000u\000e}{section.7}% 24
\BOOKMARK [2][-]{subsection.7.4}{\376\377\000a\000n\000a\000l\000y\000s\000i\000s}{section.7}% 25
\BOOKMARK [1][-]{section.8}{\376\377\000t\000h\000e\000\040\000d\000i\000f\000f\000e\000r\000e\000n\000c\000e\000\040\000b\000e\000t\000w\000e\000e\000n\000\040\000M\000L\000E\000\040\000a\000n\000d\000\040\000M\000A\000P}{}% 26
\BOOKMARK [1][-]{section.9}{\376\377\164\006\156\005\000M\000L\000E\124\214\000B\000a\000y\000e\000s\116\055\000\040\000L\000\050\000|\000D\000\051\000,\000\040\000P\000\050\000D\000|\000\051\000,\000\040\000P\000\050\000|\000D\000\051\000,\000\040\000P\000\050\000D\000\051\000,\000\040\000P\000\050\000\051}{}% 27
\BOOKMARK [1][-]{section.10}{\376\377\000t\000h\000e\000\040\000b\000l\000o\000b\000\040\000a\000b\000o\000u\000t\000\040\000M\000L\000E\000\040\000a\000n\000d\000\040\000B\000a\000y\000e\000d}{}% 28
\BOOKMARK [1][-]{section.11}{\376\377\000r\000e\000f\000e\000r\000e\000n\000c\000e}{}% 29
\BOOKMARK [2][-]{subsection.11.1}{\376\377\000t\000h\000e\000\040\000r\000e\000l\000a\000t\000i\000o\000n\000s\000h\000i\000p\000\040\000a\000n\000d\000\040\000d\000i\000f\000f\000e\000r\000e\000n\000c\000e\000\040\000b\000e\000t\000w\000e\000e\000n\000\040\000M\000L\000E\060\001\000M\000A\000P\060\001\000B\000a\000y\000s\000e\000\040\000e\000s\000t\000i\000m\000a\000t\000e}{section.11}% 30
\BOOKMARK [2][-]{subsection.11.2}{\376\377\000d\000e\000t\000a\000i\000l\000\040\000o\000f\000\040\000M\000L\000E\000\040\000a\000n\000d\000\040\000M\000A\000P}{section.11}% 31
\BOOKMARK [2][-]{subsection.11.3}{\376\377\000l\000e\000a\000s\000t\000\040\000s\000q\000u\000a\000r\000e\000\040\000a\000n\000d\000\040\000g\000r\000a\000d\000i\000e\000n\000t\000\040\000d\000e\000s\000c\000e\000n\000d\000\040\000a\000n\000d\000\040\000m\000a\000x\000i\000m\000u\000m\000\040\000l\000i\000k\000e\000l\000i\000h\000o\000o\000d}{section.11}% 32
\BOOKMARK [2][-]{subsection.11.4}{\376\377\000d\000e\000t\000a\000i\000l\000\040\000o\000f\000\040\000M\000L\000E}{section.11}% 33
\BOOKMARK [2][-]{subsection.11.5}{\376\377\000u\000n\000d\000e\000r\000s\000t\000a\000n\000d\000\040\000d\000e\000e\000p\000l\000y\000\040\000M\000L\000E\000\040\000a\000n\000d\000\040\000M\000A\000P}{section.11}% 34
\BOOKMARK [2][-]{subsection.11.6}{\376\377\000d\000i\000f\000f\000e\000r\000e\000n\000c\000e\000\040\000b\000e\000t\000w\000e\000e\000n\000\040\000B\000a\000y\000e\000s\000\040\000a\000n\000d\000\040\000M\000L\000E}{section.11}% 35
