\BOOKMARK [0][-]{chapter.1}{\376\377\000p\000e\000r\000c\000e\000p\000t\000i\000o\000n}{}% 1
\BOOKMARK [1][-]{section.1.1}{\376\377\000c\000o\000n\000c\000e\000p\000t}{chapter.1}% 2
\BOOKMARK [1][-]{section.1.2}{\376\377\000l\000i\000n\000e\000a\000r\000l\000y\000\040\000s\000e\000p\000a\000r\000a\000b\000l\000e\000\040\000d\000a\000t\000a\000s\000e\000t}{chapter.1}% 3
\BOOKMARK [1][-]{section.1.3}{\376\377\000l\000o\000s\000s\000\040\000f\000u\000n\000c\000t\000i\000o\000n}{chapter.1}% 4
\BOOKMARK [1][-]{section.1.4}{\376\377\000o\000r\000i\000g\000i\000n\000a\000l\000\040\000f\000o\000r\000m\000\040\000o\000f\000\040\000p\000e\000r\000c\000e\000p\000t\000i\000o\000n\000\040\000a\000l\000g\000o\000r\000i\000t\000h\000m}{chapter.1}% 5
\BOOKMARK [1][-]{section.1.5}{\376\377\000d\000u\000a\000l\000\040\000f\000o\000r\000m\000\040\000o\000f\000\040\000p\000e\000r\000c\000e\000p\000t\000i\000o\000n\000\040\000a\000l\000g\000o\000r\000i\000t\000h\000m}{chapter.1}% 6
\BOOKMARK [0][-]{chapter.2}{\376\377\000C\000o\000n\000v\000e\000x\000\040\000f\000u\000n\000c\000t\000i\000o\000n}{}% 7
\BOOKMARK [1][-]{section.2.1}{\376\377\000C\000o\000n\000v\000e\000x\000\040\000c\000o\000l\000l\000e\000c\000t\000i\000o\000n\000\040\000a\000n\000d\000\040\000C\000o\000n\000v\000e\000x\000\040\000f\000u\000n\000c\000t\000i\000o\000n}{chapter.2}% 8
\BOOKMARK [2][-]{subsection.2.1.1}{\376\377\000C\000o\000n\000v\000e\000x\000\040\000f\000u\000n\000c\000t\000i\000o\000n}{section.2.1}% 9
\BOOKMARK [2][-]{subsection.2.1.2}{\376\377\000C\000o\000n\000v\000e\000x\000\040\000c\000o\000l\000l\000e\000c\000t\000i\000o\000n}{section.2.1}% 10
\BOOKMARK [1][-]{section.2.2}{\376\377\000a\000f\000f\000i\000n\000e\000\040\000t\000r\000a\000n\000s\000f\000o\000r\000m\000a\000t\000i\000o\000n}{chapter.2}% 11
\BOOKMARK [2][-]{subsection.2.2.1}{\376\377\000c\000o\000n\000c\000e\000p\000t}{section.2.2}% 12
\BOOKMARK [2][-]{subsection.2.2.2}{\376\377\000t\000h\000e\000o\000r\000y}{section.2.2}% 13
\BOOKMARK [1][-]{section.2.3}{\376\377\000p\000e\000r\000s\000p\000e\000c\000t\000i\000v\000e\000\040\000c\000o\000l\000l\000i\000n\000e\000a\000t\000i\000o\000n}{chapter.2}% 14
\BOOKMARK [2][-]{subsection.2.3.1}{\376\377\000c\000o\000n\000c\000e\000p\000t}{section.2.3}% 15
\BOOKMARK [2][-]{subsection.2.3.2}{\376\377\000d\000i\000r\000e\000c\000t\000\040\000s\000i\000g\000n\000i\000f\000i\000c\000a\000n\000c\000e}{section.2.3}% 16
\BOOKMARK [2][-]{subsection.2.3.3}{\376\377\000s\000u\000m\000m\000a\000r\000y}{section.2.3}% 17
\BOOKMARK [1][-]{section.2.4}{\376\377\000s\000e\000g\000m\000e\000n\000t\000a\000t\000i\000o\000n\000\040\000p\000l\000a\000n\000e}{chapter.2}% 18
\BOOKMARK [2][-]{subsection.2.4.1}{\376\377\000c\000o\000n\000c\000e\000p\000t}{section.2.4}% 19
\BOOKMARK [2][-]{subsection.2.4.2}{\376\377\000s\000e\000g\000m\000e\000n\000t\000a\000t\000i\000o\000n\000\040\000p\000l\000a\000n\000e}{section.2.4}% 20
\BOOKMARK [2][-]{subsection.2.4.3}{\376\377\000t\000h\000e\000\040\000s\000t\000r\000u\000c\000t\000u\000r\000e\000\040\000o\000f\000\040\000s\000e\000f\000m\000e\000n\000t\000a\000t\000i\000o\000n\000\040\000p\000l\000a\000n\000e}{section.2.4}% 21
\BOOKMARK [2][-]{subsection.2.4.4}{\376\377\000s\000u\000p\000p\000o\000r\000t\000\040\000h\000y\000p\000e\000r\000p\000l\000a\000n\000e}{section.2.4}% 22
\BOOKMARK [2][-]{subsection.2.4.5}{\376\377\000q\000u\000e\000s\000t\000i\000o\000n}{section.2.4}% 23
\BOOKMARK [1][-]{section.2.5}{\376\377\000p\000r\000o\000p\000e\000r\000t\000y\000\040\000o\000f\000\040\000c\000o\000n\000v\000e\000x\000\040\000f\000u\000n\000c\000t\000i\000o\000n}{chapter.2}% 24
\BOOKMARK [2][-]{subsection.2.5.1}{\376\377\000c\000o\000n\000c\000e\000p\000t}{section.2.5}% 25
\BOOKMARK [2][-]{subsection.2.5.2}{\376\377\000f\000i\000r\000s\000t\000-\000o\000r\000d\000e\000r\000\040\000d\000e\000r\000i\000v\000a\000t\000i\000v\000e\000\040\000o\000f\000\040\000c\000o\000n\000v\000e\000x\000\040\000f\000u\000n\000c\000t\000i\000o\000n}{section.2.5}% 26
\BOOKMARK [2][-]{subsection.2.5.3}{\376\377\000s\000e\000c\000o\000n\000d\000-\000o\000r\000d\000e\000r\000\040\000d\000e\000r\000i\000v\000a\000t\000i\000v\000e\000\040\000o\000f\000\040\000c\000o\000n\000v\000e\000x\000\040\000f\000u\000n\000c\000t\000i\000o\000n}{section.2.5}% 27
\BOOKMARK [1][-]{section.2.6}{\376\377\000e\000x\000a\000m\000p\000l\000e\000s\000\040\000o\000f\000\040\000c\000o\000n\000v\000e\000x\000\040\000f\000u\000n\000c\000t\000i\000o\000n}{chapter.2}% 28
\BOOKMARK [0][-]{chapter.3}{\376\377\000C\000o\000n\000v\000e\000x\000\040\000O\000p\000t\000i\000m\000i\000z\000a\000t\000i\000o\000n}{}% 29
\BOOKMARK [1][-]{section.3.1}{\376\377\000o\000p\000t\000i\000m\000i\000z\000a\000t\000i\000o\000n\000\040\000p\000r\000o\000b\000l\000e\000m}{chapter.3}% 30
\BOOKMARK [1][-]{section.3.2}{\376\377\000c\000o\000n\000v\000e\000x\000\040\000o\000p\000t\000i\000m\000i\000z\000a\000t\000i\000o\000n}{chapter.3}% 31
\BOOKMARK [2][-]{subsection.3.2.1}{\376\377\000b\000a\000s\000i\000c\000\040\000f\000o\000r\000m}{section.3.2}% 32
\BOOKMARK [2][-]{subsection.3.2.2}{\376\377\000L\000a\000g\000r\000a\000n\000g\000e\116\130\133\120\154\325}{section.3.2}% 33
\BOOKMARK [2][-]{subsection.3.2.3}{\376\377\000\040\000L\000a\000g\000r\000a\000n\000g\000e\000\040\121\375\145\160\166\204\147\201\134\017\147\201\131\047\147\000\117\030\120\074\000\040\000m\000i\000n\000x\000m\000a\000x\000,\000\040\000:\000\040\000i\000\040\0000\000\040\000L\000\050\000x\000,\000\040\000,\000\040\000\051\000\040\124\214\000\040\123\237\225\356\230\230\166\204\147\000\117\030\120\074\000\040\000p\000*}{section.3.2}% 34
\BOOKMARK [2][-]{subsection.3.2.4}{\376\377\000L\000a\000g\000r\000a\000n\000g\000e\000\040\133\371\120\166\121\375\145\160\000\040\000\050\000d\000u\000a\000l\000\040\000f\000u\000n\000c\000t\000i\000o\000n\000\051}{section.3.2}% 35
\BOOKMARK [0][-]{chapter.4}{\376\377\000S\000V\000M}{}% 36
\BOOKMARK [1][-]{section.4.1}{\376\377\000j\000i\000a\000n\000g\000e}{chapter.4}% 37
